<?xml version="1.0" encoding="UTF-8"?>
<!-- Generated by org.testng.reporters.JUnitXMLReporter -->
<testsuite ignored="0" hostname="DESKTOP-O9UVPH9" failures="1" tests="1" name="Test2" time="12.783" errors="0" timestamp="2022-10-01T13:50:11 EDT">
  <testcase classname="testCases.LoginTestCase" name="login" time="7.433">
    <failure type="java.lang.AssertionError" message="Incorrect Home Page!!! expected [https://opensource-demo.orangehrmlive.com/web/index.php/pim/viewEmployeeList!!!!] but found [https://opensource-demo.orangehrmlive.com/web/index.php/pim/viewEmployeeList]">
      <![CDATA[java.lang.AssertionError: Incorrect Home Page!!! expected [https://opensource-demo.orangehrmlive.com/web/index.php/pim/viewEmployeeList!!!!] but found [https://opensource-demo.orangehrmlive.com/web/index.php/pim/viewEmployeeList]
at testCases.LoginTestCase.login(LoginTestCase.java:24)
at java.base/java.util.ArrayList.forEach(ArrayList.java:1511)
at java.base/java.util.concurrent.FutureTask.run(FutureTask.java:264)
at java.base/java.util.concurrent.ThreadPoolExecutor.runWorker(ThreadPoolExecutor.java:1136)
at java.base/java.util.concurrent.ThreadPoolExecutor$Worker.run(ThreadPoolExecutor.java:635)
at java.base/java.lang.Thread.run(Thread.java:833)
... Removed 23 stack frames]]>
    </failure>
  </testcase> <!-- login -->
</testsuite> <!-- Test2 -->
