<?xml version="1.0" encoding="UTF-8"?>
<!-- Generated by org.testng.reporters.JUnitXMLReporter -->
<testsuite ignored="0" hostname="DESKTOP-O9UVPH9" failures="1" tests="1" name="Test" time="11.835" errors="0" timestamp="2022-10-01T13:44:40 EDT">
  <testcase classname="testCases.LoginTestCase" name="login" time="7.528">
    <failure type="java.lang.AssertionError" message="Incorrect Home Page!!! expected [https://opensource-demo.orangehrmlive.com/web/index.php/pim/viewEmployeeList!!!!] but found [https://opensource-demo.orangehrmlive.com/web/index.php/pim/viewEmployeeList]">
      <![CDATA[java.lang.AssertionError: Incorrect Home Page!!! expected [https://opensource-demo.orangehrmlive.com/web/index.php/pim/viewEmployeeList!!!!] but found [https://opensource-demo.orangehrmlive.com/web/index.php/pim/viewEmployeeList]
at testCases.LoginTestCase.login(LoginTestCase.java:24)
at java.base/java.util.ArrayList.forEach(ArrayList.java:1511)
... Removed 32 stack frames]]>
    </failure>
  </testcase> <!-- login -->
</testsuite> <!-- Test -->
