<?xml version="1.0" encoding="UTF-8"?>
<testng-results ignored="0" total="1" passed="1" failed="0" skipped="0">
  <reporter-output>
  </reporter-output>
  <suite started-at="2022-10-16T20:18:42 EDT" name="Suite" finished-at="2022-10-16T20:18:46 EDT" duration-ms="4294">
    <groups>
    </groups>
    <test started-at="2022-10-16T20:18:42 EDT" name="Test1" finished-at="2022-10-16T20:18:46 EDT" duration-ms="4294">
      <class name="testCases.EbayMouseAction">
        <test-method is-config="true" signature="browserSetUp(java.lang.String)[pri:0, instance:testCases.EbayMouseAction@783a467b]" started-at="2022-10-16T20:18:42 EDT" name="browserSetUp" finished-at="2022-10-16T20:18:44 EDT" duration-ms="2385" status="PASS">
          <params>
            <param index="0">
              <value>
                <![CDATA[chrome]]>
              </value>
            </param>
          </params>
          <reporter-output>
          </reporter-output>
        </test-method> <!-- browserSetUp -->
        <test-method signature="ebayMouseAction()[pri:0, instance:testCases.EbayMouseAction@783a467b]" started-at="2022-10-16T20:18:44 EDT" name="ebayMouseAction" finished-at="2022-10-16T20:18:46 EDT" duration-ms="1856" status="PASS">
          <reporter-output>
          </reporter-output>
        </test-method> <!-- ebayMouseAction -->
        <test-method is-config="true" signature="closeBrowser()[pri:0, instance:testCases.EbayMouseAction@783a467b]" started-at="2022-10-16T20:18:46 EDT" name="closeBrowser" finished-at="2022-10-16T20:18:46 EDT" duration-ms="0" status="PASS">
          <reporter-output>
          </reporter-output>
        </test-method> <!-- closeBrowser -->
      </class> <!-- testCases.EbayMouseAction -->
    </test> <!-- Test1 -->
  </suite> <!-- Suite -->
</testng-results>
