<?xml version="1.0" encoding="UTF-8"?>
<testng-results ignored="0" total="1" passed="1" failed="0" skipped="0">
  <reporter-output>
  </reporter-output>
  <suite started-at="2022-10-13T17:28:53 EDT" name="Suite" finished-at="2022-10-13T17:29:03 EDT" duration-ms="9959">
    <groups>
    </groups>
    <test started-at="2022-10-13T17:28:53 EDT" name="Test1" finished-at="2022-10-13T17:29:03 EDT" duration-ms="9959">
      <class name="testCases.RogersTestCase">
        <test-method is-config="true" signature="browserSetUp(java.lang.String)[pri:0, instance:testCases.RogersTestCase@7db12bb6]" started-at="2022-10-13T17:28:53 EDT" name="browserSetUp" finished-at="2022-10-13T17:28:56 EDT" duration-ms="3024" status="PASS">
          <params>
            <param index="0">
              <value>
                <![CDATA[chrome]]>
              </value>
            </param>
          </params>
          <reporter-output>
          </reporter-output>
        </test-method> <!-- browserSetUp -->
        <test-method signature="RogersIphone()[pri:0, instance:testCases.RogersTestCase@7db12bb6]" started-at="2022-10-13T17:28:56 EDT" name="RogersIphone" finished-at="2022-10-13T17:29:03 EDT" duration-ms="6893" status="PASS">
          <reporter-output>
          </reporter-output>
        </test-method> <!-- RogersIphone -->
        <test-method is-config="true" signature="closeBrowser()[pri:0, instance:testCases.RogersTestCase@7db12bb6]" started-at="2022-10-13T17:29:03 EDT" name="closeBrowser" finished-at="2022-10-13T17:29:03 EDT" duration-ms="0" status="PASS">
          <reporter-output>
          </reporter-output>
        </test-method> <!-- closeBrowser -->
      </class> <!-- testCases.RogersTestCase -->
    </test> <!-- Test1 -->
  </suite> <!-- Suite -->
</testng-results>
